<?xml version="1.0" encoding="UTF-8"?>
<testng-results ignored="0" total="1" passed="1" failed="0" skipped="0">
  <reporter-output>
  </reporter-output>
  <suite started-at="2024-12-08T18:02:20 GMT-05:00" name="Surefire suite" finished-at="2024-12-08T18:03:01 GMT-05:00" duration-ms="41591">
    <groups>
      <group name="cucumber">
        <method signature="AbstractTestNGCucumberTests.runScenario(io.cucumber.testng.PickleWrapper,io.cucumber.testng.FeatureWrapper)[pri:0, instance:javanewproject.runners.TestRunner@214b199c]" name="runScenario" class="io.cucumber.testng.AbstractTestNGCucumberTests"/>
      </group> <!-- cucumber -->
    </groups>
    <test started-at="2024-12-08T18:02:20 GMT-05:00" name="Surefire test" finished-at="2024-12-08T18:03:01 GMT-05:00" duration-ms="41591">
      <class name="javanewproject.runners.TestRunner">
        <test-method is-config="true" signature="setUpClass(org.testng.ITestContext)[pri:0, instance:javanewproject.runners.TestRunner@214b199c]" started-at="2024-12-08T18:02:20 GMT-05:00" name="setUpClass" finished-at="2024-12-08T18:02:20 GMT-05:00" duration-ms="380" status="PASS">
          <params>
            <param index="0">
              <value>
                <![CDATA[org.testng.TestRunner@43034809]]>
              </value>
            </param>
          </params>
          <reporter-output>
          </reporter-output>
        </test-method> <!-- setUpClass -->
        <test-method signature="runScenario(io.cucumber.testng.PickleWrapper,io.cucumber.testng.FeatureWrapper)[pri:0, instance:javanewproject.runners.TestRunner@214b199c]" started-at="2024-12-08T18:02:20 GMT-05:00" name="runScenario" description="Runs Cucumber Scenarios" data-provider="scenarios" finished-at="2024-12-08T18:03:01 GMT-05:00" duration-ms="41147" status="PASS">
          <params>
            <param index="0">
              <value>
                <![CDATA["Search for BMW Canada"]]>
              </value>
            </param>
            <param index="1">
              <value>
                <![CDATA["Google Search"]]>
              </value>
            </param>
          </params>
          <reporter-output>
          </reporter-output>
        </test-method> <!-- runScenario -->
        <test-method is-config="true" signature="tearDownClass()[pri:0, instance:javanewproject.runners.TestRunner@214b199c]" started-at="2024-12-08T18:03:01 GMT-05:00" name="tearDownClass" finished-at="2024-12-08T18:03:01 GMT-05:00" duration-ms="39" status="PASS">
          <reporter-output>
          </reporter-output>
        </test-method> <!-- tearDownClass -->
      </class> <!-- javanewproject.runners.TestRunner -->
    </test> <!-- Surefire test -->
  </suite> <!-- Surefire suite -->
</testng-results>
