<?xml version="1.0" encoding="UTF-8"?>
<testsuite xmlns:xsi="http://www.w3.org/2001/XMLSchema-instance" xsi:noNamespaceSchemaLocation="https://maven.apache.org/surefire/maven-surefire-plugin/xsd/surefire-test-report-3.0.xsd" version="3.0" name="javanewproject.runners.TestRunner" time="41.943" tests="1" errors="0" skipped="0" failures="0">
  <properties>
[...]
</properties>
  <testcase name="runScenario[&quot;Search for BMW Canada&quot;, &quot;Google Search&quot;](1)" classname="javanewproject.runners.TestRunner" time="41.147">
    <system-out><![CDATA[
Scenario: Search for BMW Canada          &amp#27;[90m# src/test/resources/features/GoogleSearch.feature:3&amp#27;[0m
  &amp#27;[32mGiven &amp#27;[0m&amp#27;[32mI open Google homepage&amp#27;[0m           &amp#27;[90m# javanewproject.steps.GoogleSearchSteps.i_open_google_homepage()&amp#27;[0m
  &amp#27;[32mWhen &amp#27;[0m&amp#27;[32mI search for &amp#27;[0m&amp#27;[32m&amp#27;[1m"bmw canada website"&amp#27;[0m &amp#27;[90m# javanewproject.steps.GoogleSearchSteps.i_search_for(java.lang.String)&amp#27;[0m
  &amp#27;[32mThen &amp#27;[0m&amp#27;[32mI click the BMW Canada link&amp#27;[0m       &amp#27;[90m# javanewproject.steps.GoogleSearchSteps.i_click_the_bmw_canada_link()&amp#27;[0m
  &amp#27;[32mAnd &amp#27;[0m&amp#27;[32mI wait for &amp#27;[0m&amp#27;[32m&amp#27;[1m30&amp#27;[0m&amp#27;[32m seconds&amp#27;[0m              &amp#27;[90m# javanewproject.steps.GoogleSearchSteps.i_wait_for_seconds(java.lang.Integer)&amp#27;[0m
]]></system-out>
    <system-err><![CDATA[SLF4J: Failed to load class "org.slf4j.impl.StaticLoggerBinder".
SLF4J: Defaulting to no-operation (NOP) logger implementation
SLF4J: See http://www.slf4j.org/codes.html#StaticLoggerBinder for further details.
Dec 08, 2024 6:02:24 PM org.openqa.selenium.devtools.CdpVersionFinder findNearestMatch
WARNING: Unable to find CDP implementation matching 131
Dec 08, 2024 6:02:24 PM org.openqa.selenium.chromium.ChromiumDriver lambda$new$5
WARNING: Unable to find version of CDP to use for 131.0.6778.109. You may need to include a dependency on a specific version of the CDP using something similar to `org.seleniumhq.selenium:selenium-devtools-v86:4.14.0` where the version ("v86") matches the version of the chromium-based browser you're using and the version number of the artifact is the same as Selenium's.
]]></system-err>
  </testcase>
</testsuite>